[2025-08-04T12:48:10.186Z] [INFO] ๐ ุจุฏุก ุฏูุฑุฉ ุงููุธุงู ุงูููุญุฏ...
[2025-08-04T12:48:10.212Z] [INFO] โ ุงูุชููุช ุงูุฏูุฑุฉ ุงูููุญุฏุฉ ูู 21ms
[2025-08-04T12:48:10.212Z] [INFO] ๐ ุงูููุงู: 57 | ุงูุตุญุฉ: healthy
[2025-08-04T12:49:56.464Z] [INFO] ๐ ุจุฏุก ุงููุฌุฏูู ุงูุฑุฆูุณู...
[2025-08-04T12:49:56.468Z] [INFO] ๐ ุจุฏุก ุฏูุฑุฉ ุงููุธุงู ุงูููุญุฏ...
[2025-08-04T12:49:56.494Z] [INFO] โ ุงูุชููุช ุงูุฏูุฑุฉ ุงูููุญุฏุฉ ูู 24ms
[2025-08-04T12:49:56.494Z] [INFO] ๐ ุงูููุงู: 55 | ุงูุตุญุฉ: healthy
[2025-08-04T12:49:56.494Z] [INFO] ๐ ุชู ุฌุฏููุฉ ุงูุชูุธูู ุงููููู ูู ูฅโ/ูจโ/ูขููขูฅุ ูกูข:ูู:ูู ุต
[2025-08-04T12:49:56.495Z] [INFO] โ ุชู ุจุฏุก ุฌููุน ุงููุฌุฏููุงุช ุจูุฌุงุญ
[2025-08-04T12:49:56.500Z] [INFO] ๐ ุงูุฌุฏููุฉ: ููุญุฏ (ูู ุณุงุนุฉ) | ุฌูุฏุฉ (ูู 30 ุฏูููุฉ) | ุณุฑูุน (ูู 15 ุฏูููุฉ)
[2025-08-04T13:04:56.503Z] [INFO] โก ุชุญุฏูุซ ุณุฑูุน...
[2025-08-04T13:04:56.506Z] [INFO] โ ุชู ุงูุชุญุฏูุซ ุงูุณุฑูุน
[2025-08-04T13:19:56.514Z] [INFO] ๐ ุจุฏุก ูุญุต ุงูุฌูุฏุฉ...
[2025-08-04T13:19:56.517Z] [INFO] โ ูุญุต ุงูุฌูุฏุฉ: 0 ูุดุงูู | 0 ุฅุตูุงุญุงุช
[2025-08-04T13:19:56.517Z] [INFO] โก ุชุญุฏูุซ ุณุฑูุน...
[2025-08-04T13:19:56.520Z] [INFO] โ ุชู ุงูุชุญุฏูุซ ุงูุณุฑูุน
[2025-08-04T13:34:56.527Z] [INFO] โก ุชุญุฏูุซ ุณุฑูุน...
[2025-08-04T13:34:56.531Z] [INFO] โ ุชู ุงูุชุญุฏูุซ ุงูุณุฑูุน
[2025-08-04T13:49:56.536Z] [INFO] ๐ ุจุฏุก ุฏูุฑุฉ ุงููุธุงู ุงูููุญุฏ...
[2025-08-04T13:49:56.544Z] [INFO] โ ุงูุชููุช ุงูุฏูุฑุฉ ุงูููุญุฏุฉ ูู 8ms
[2025-08-04T13:49:56.545Z] [INFO] ๐ ุงูููุงู: 52 | ุงูุตุญุฉ: healthy
[2025-08-04T13:49:56.545Z] [INFO] ๐ ุจุฏุก ูุญุต ุงูุฌูุฏุฉ...
[2025-08-04T13:49:56.546Z] [INFO] โ ูุญุต ุงูุฌูุฏุฉ: 0 ูุดุงูู | 0 ุฅุตูุงุญุงุช
[2025-08-04T13:49:56.546Z] [INFO] โก ุชุญุฏูุซ ุณุฑูุน...
[2025-08-04T13:49:56.549Z] [INFO] โ ุชู ุงูุชุญุฏูุซ ุงูุณุฑูุน
[2025-08-04T14:04:56.557Z] [INFO] โก ุชุญุฏูุซ ุณุฑูุน...
[2025-08-04T14:04:56.562Z] [INFO] โ ุชู ุงูุชุญุฏูุซ ุงูุณุฑูุน
[2025-08-04T14:12:46.878Z] [INFO] ๐ ุจุฏุก ุงููุฌุฏูู ุงูุฑุฆูุณู...
[2025-08-04T14:12:46.881Z] [INFO] ๐ ุจุฏุก ุฏูุฑุฉ ุงููุธุงู ุงูููุญุฏ ูุน ุงูุชูููุฏ ุงูุชููุงุฆู...
[2025-08-04T14:12:46.903Z] [INFO] โ ุงูุชููุช ุงูุฏูุฑุฉ ุงูููุญุฏุฉ ูู 21ms
[2025-08-04T14:12:46.903Z] [INFO] ๐ ุงูููุงู: 0 | ุงูุตุญุฉ: critical
[2025-08-04T14:12:46.904Z] [INFO] ๐ค ุชู ุชูููุฏ 5 ูููุฉ ุฌุฏูุฏุฉ ุชููุงุฆูุงู
[2025-08-04T14:12:46.904Z] [INFO] ๐ ุชู ุฌุฏููุฉ ุงูุชูุธูู ุงููููู ูู ูฅโ/ูจโ/ูขููขูฅุ ูกูข:ูู:ูู ุต
[2025-08-04T14:12:46.904Z] [INFO] โ ุชู ุจุฏุก ุฌููุน ุงููุฌุฏููุงุช ุจูุฌุงุญ
[2025-08-04T14:12:46.904Z] [INFO] ๐ ุงูุฌุฏููุฉ: ููุญุฏ+ุชูููุฏ (ูู 30 ุฏูููุฉ) | ุฌูุฏุฉ (ูู 30 ุฏูููุฉ) | ุณุฑูุน (ูู 15 ุฏูููุฉ)
[2025-08-04T14:12:46.904Z] [INFO] ๐ค ุงูุชูููุฏ ุงูุชููุงุฆู ููููุงู: ูุดุท
[2025-08-04T14:12:51.916Z] [INFO] โก ุชุญุฏูุซ ุณุฑูุน...
[2025-08-04T14:12:51.923Z] [INFO] โ ุชู ุงูุชุญุฏูุซ ุงูุณุฑูุน
[2025-08-04T14:19:56.567Z] [INFO] ๐ ุจุฏุก ูุญุต ุงูุฌูุฏุฉ...
[2025-08-04T14:19:56.568Z] [INFO] โ ูุญุต ุงูุฌูุฏุฉ: 0 ูุดุงูู | 0 ุฅุตูุงุญุงุช
[2025-08-04T14:19:56.569Z] [INFO] โก ุชุญุฏูุซ ุณุฑูุน...
[2025-08-04T14:19:56.571Z] [INFO] โ ุชู ุงูุชุญุฏูุซ ุงูุณุฑูุน
[2025-08-04T14:27:46.920Z] [INFO] โก ุชุญุฏูุซ ุณุฑูุน...
[2025-08-04T14:27:46.923Z] [INFO] โ ุชู ุงูุชุญุฏูุซ ุงูุณุฑูุน
[2025-08-04T14:34:56.576Z] [INFO] โก ุชุญุฏูุซ ุณุฑูุน...
[2025-08-04T14:34:56.581Z] [INFO] โ ุชู ุงูุชุญุฏูุซ ุงูุณุฑูุน
[2025-08-04T14:42:46.913Z] [INFO] ๐ ุจุฏุก ุฏูุฑุฉ ุงููุธุงู ุงูููุญุฏ ูุน ุงูุชูููุฏ ุงูุชููุงุฆู...
[2025-08-04T14:42:46.922Z] [INFO] โ ุงูุชููุช ุงูุฏูุฑุฉ ุงูููุญุฏุฉ ูู 9ms
[2025-08-04T14:42:46.923Z] [INFO] ๐ ุงูููุงู: 0 | ุงูุตุญุฉ: critical
[2025-08-04T14:42:46.923Z] [INFO] ๐ค ุชู ุชูููุฏ 5 ูููุฉ ุฌุฏูุฏุฉ ุชููุงุฆูุงู
[2025-08-04T14:42:46.923Z] [INFO] ๐ ุจุฏุก ูุญุต ุงูุฌูุฏุฉ...
[2025-08-04T14:42:46.924Z] [ERROR] โ ุฎุทุฃ ูู ูุญุต ุงูุฌูุฏุฉ: ENOENT: no such file or directory, open 'e:\azizsys5\doc\TEAM_SYNC.md'
[2025-08-04T14:42:46.928Z] [INFO] โก ุชุญุฏูุซ ุณุฑูุน...
[2025-08-04T14:42:46.929Z] [INFO] โ ุชู ุงูุชุญุฏูุซ ุงูุณุฑูุน
[2025-08-04T14:42:51.938Z] [INFO] โก ุชุญุฏูุซ ุณุฑูุน...
[2025-08-04T14:42:51.943Z] [INFO] โ ุชู ุงูุชุญุฏูุซ ุงูุณุฑูุน
[2025-08-04T14:49:56.561Z] [INFO] ๐ ุจุฏุก ุฏูุฑุฉ ุงููุธุงู ุงูููุญุฏ...
[2025-08-04T14:49:56.568Z] [INFO] โ ุงูุชููุช ุงูุฏูุฑุฉ ุงูููุญุฏุฉ ูู 6ms
[2025-08-04T14:49:56.569Z] [INFO] ๐ ุงูููุงู: 54 | ุงูุตุญุฉ: warning
[2025-08-04T14:49:56.592Z] [INFO] ๐ ุจุฏุก ูุญุต ุงูุฌูุฏุฉ...
[2025-08-04T14:49:56.593Z] [ERROR] โ ุฎุทุฃ ูู ูุญุต ุงูุฌูุฏุฉ: ENOENT: no such file or directory, open 'E:\azizsys5\doc\TEAM_SYNC.md'
[2025-08-04T14:49:56.594Z] [INFO] โก ุชุญุฏูุซ ุณุฑูุน...
[2025-08-04T14:49:56.596Z] [INFO] โ ุชู ุงูุชุญุฏูุซ ุงูุณุฑูุน
[2025-08-04T14:57:46.949Z] [INFO] โก ุชุญุฏูุซ ุณุฑูุน...
[2025-08-04T14:57:46.951Z] [INFO] โ ุชู ุงูุชุญุฏูุซ ุงูุณุฑูุน
[2025-08-04T15:04:56.614Z] [INFO] โก ุชุญุฏูุซ ุณุฑูุน...
[2025-08-04T15:04:56.617Z] [INFO] โ ุชู ุงูุชุญุฏูุซ ุงูุณุฑูุน
[2025-08-04T15:12:46.947Z] [INFO] ๐ ุจุฏุก ุฏูุฑุฉ ุงููุธุงู ุงูููุญุฏ ูุน ุงูุชูููุฏ ุงูุชููุงุฆู...
[2025-08-04T15:12:46.955Z] [INFO] โ ุงูุชููุช ุงูุฏูุฑุฉ ุงูููุญุฏุฉ ูู 6ms
[2025-08-04T15:12:46.955Z] [INFO] ๐ ุงูููุงู: 0 | ุงูุตุญุฉ: critical
[2025-08-04T15:12:46.955Z] [INFO] ๐ค ุชู ุชูููุฏ 5 ูููุฉ ุฌุฏูุฏุฉ ุชููุงุฆูุงู
[2025-08-04T15:12:46.955Z] [INFO] ๐ ุจุฏุก ูุญุต ุงูุฌูุฏุฉ...
[2025-08-04T15:12:46.955Z] [ERROR] โ ุฎุทุฃ ูู ูุญุต ุงูุฌูุฏุฉ: ENOENT: no such file or directory, open 'e:\azizsys5\doc\TEAM_SYNC.md'
[2025-08-04T15:12:46.962Z] [INFO] โก ุชุญุฏูุซ ุณุฑูุน...
[2025-08-04T15:12:46.965Z] [INFO] โ ุชู ุงูุชุญุฏูุซ ุงูุณุฑูุน
[2025-08-04T15:12:51.960Z] [INFO] โก ุชุญุฏูุซ ุณุฑูุน...
[2025-08-04T15:12:51.964Z] [INFO] โ ุชู ุงูุชุญุฏูุซ ุงูุณุฑูุน
[2025-08-04T15:27:46.975Z] [INFO] โก ุชุญุฏูุซ ุณุฑูุน...
[2025-08-04T15:27:46.983Z] [INFO] โ ุชู ุงูุชุญุฏูุซ ุงูุณุฑูุน
